==============================================================================
TestSuites                                                                    
==============================================================================
TestSuites.TS 002 Product sorter :: Test cases for validating product sorter  
==============================================================================
Validate Product Sorter at High To Low                                | PASS |
------------------------------------------------------------------------------
Validate Product Sorter at Low To High                                | PASS |
------------------------------------------------------------------------------
Validate Product Sorter at Name A To Z                                | PASS |
------------------------------------------------------------------------------
Validate Product Sorter at Name Z To A                                | PASS |
------------------------------------------------------------------------------
TestSuites.TS 002 Product sorter :: Test cases for validating prod... | PASS |
4 tests, 4 passed, 0 failed
==============================================================================
TestSuites                                                            | PASS |
4 tests, 4 passed, 0 failed
==============================================================================
Output:  C:\Users\jvaisanen\Documents\robotframework\SeleniumLibraryExample\pabot_results\1\output.xml
