==============================================================================
TestSuites                                                                    
==============================================================================
TestSuites.TS 003 Invetory item :: Test cases for validating inventory item   
==============================================================================
Validate Inventory Item Content                                       | PASS |
------------------------------------------------------------------------------
Open Inventory Item Window From Title                                 | PASS |
------------------------------------------------------------------------------
Open Inventory Item Window From Image                                 | PASS |
------------------------------------------------------------------------------
Validate Inventory Button Updates After Clicking It                   | PASS |
------------------------------------------------------------------------------
TestSuites.TS 003 Invetory item :: Test cases for validating inven... | PASS |
4 tests, 4 passed, 0 failed
==============================================================================
TestSuites                                                            | PASS |
4 tests, 4 passed, 0 failed
==============================================================================
Output:  C:\Users\jvaisanen\Documents\robotframework\SeleniumLibraryExample\pabot_results\2\output.xml
